

*******************************************************************************
Thu Mar  8 22:33:44 2018


FIT:    data read from "data.txt" u 1:2:3 yerrors
        format = x:z:s
        x range restricted to [0.00000 : 8.00000]
        #datapoints = 7
function used for fitting: f(x)
	f(x) = a + b/x + c*x
fitted parameters initialized with current variable values

iter      chisq       delta/lim  lambda   a             b             c            
   0 1.8818284062e+06   0.00e+00  3.17e+02    1.000000e+00   1.000000e+00   1.000000e+00
   5 2.8173893783e-02  -9.61e-05  3.17e-03    1.350532e+00   1.444825e-02   2.727782e-03

After 5 iterations the fit converged.
final sum of squares of residuals : 0.0281739
rel. change during last iteration : -9.61084e-10

degrees of freedom    (FIT_NDF)                        : 4
rms of residuals      (FIT_STDFIT) = sqrt(WSSR/ndf)    : 0.0839254
variance of residuals (reduced chisquare) = WSSR/ndf   : 0.00704347
p-value of the Chisq distribution (FIT_P)              : 0.999902

Final set of parameters            Asymptotic Standard Error
=======================            ==========================
a               = 1.35053          +/- 0.00154      (0.114%)
b               = 0.0144482        +/- 0.001274     (8.818%)
c               = 0.00272778       +/- 0.0003115    (11.42%)

correlation matrix of the fit parameters:
                a      b      c      
a               1.000 
b              -0.991  1.000 
c              -0.939  0.898  1.000 


*******************************************************************************
Thu Mar  8 23:01:17 2018


FIT:    data read from "data.txt" u 1:2:3 yerrors
        format = x:z:s
        x range restricted to [0.00000 : 8.00000]
        #datapoints = 7
function used for fitting: f(x)
	f(x) = a + b/x + c*x
fitted parameters initialized with current variable values

iter      chisq       delta/lim  lambda   a             b             c            
   0 1.8818284062e+06   0.00e+00  3.17e+02    1.000000e+00   1.000000e+00   1.000000e+00
   5 2.8173893783e-02  -9.61e-05  3.17e-03    1.350532e+00   1.444825e-02   2.727782e-03

After 5 iterations the fit converged.
final sum of squares of residuals : 0.0281739
rel. change during last iteration : -9.61084e-10

degrees of freedom    (FIT_NDF)                        : 4
rms of residuals      (FIT_STDFIT) = sqrt(WSSR/ndf)    : 0.0839254
variance of residuals (reduced chisquare) = WSSR/ndf   : 0.00704347
p-value of the Chisq distribution (FIT_P)              : 0.999902

Final set of parameters            Asymptotic Standard Error
=======================            ==========================
a               = 1.35053          +/- 0.00154      (0.114%)
b               = 0.0144482        +/- 0.001274     (8.818%)
c               = 0.00272778       +/- 0.0003115    (11.42%)

correlation matrix of the fit parameters:
                a      b      c      
a               1.000 
b              -0.991  1.000 
c              -0.939  0.898  1.000 
