

*******************************************************************************
Fri Mar  9 03:11:41 2018


FIT:    data read from "data.txt" u 1:2:3 yerrors
        format = x:z:s
        x range restricted to [0.00000 : 8.00000]
        #datapoints = 7
function used for fitting: f(x)
	f(x) = a + b/x + c*x
fitted parameters initialized with current variable values

iter      chisq       delta/lim  lambda   a             b             c            
   0 9.0861054555e+07   0.00e+00  2.21e+03    1.000000e+00   1.000000e+00   1.000000e+00
   5 4.9638341605e-01  -1.40e-04  2.21e-02    1.352761e+00   1.254781e-02   2.858758e-03

After 5 iterations the fit converged.
final sum of squares of residuals : 0.496383
rel. change during last iteration : -1.39849e-09

degrees of freedom    (FIT_NDF)                        : 4
rms of residuals      (FIT_STDFIT) = sqrt(WSSR/ndf)    : 0.352272
variance of residuals (reduced chisquare) = WSSR/ndf   : 0.124096
p-value of the Chisq distribution (FIT_P)              : 0.973852

Final set of parameters            Asymptotic Standard Error
=======================            ==========================
a               = 1.35276          +/- 0.0008655    (0.06398%)
b               = 0.0125478        +/- 0.0006884    (5.486%)
c               = 0.00285876       +/- 0.0002113    (7.391%)

correlation matrix of the fit parameters:
                a      b      c      
a               1.000 
b              -0.986  1.000 
c              -0.960  0.914  1.000 
