

*******************************************************************************
Thu Mar  8 22:39:14 2018


FIT:    data read from "data.txt" u 1:2:3 yerrors
        format = x:z:s
        x range restricted to [0.00000 : 8.00000]
        #datapoints = 7
function used for fitting: f(x)
	f(x) = a + b/x + c*x
fitted parameters initialized with current variable values

iter      chisq       delta/lim  lambda   a             b             c            
   0 8.3924559789e+05   0.00e+00  2.12e+02    1.000000e+00   1.000000e+00   1.000000e+00
   5 1.2219826002e-02  -1.10e-04  2.12e-03    1.351174e+00   1.430297e-02   2.000449e-03

After 5 iterations the fit converged.
final sum of squares of residuals : 0.0122198
rel. change during last iteration : -1.1012e-09

degrees of freedom    (FIT_NDF)                        : 4
rms of residuals      (FIT_STDFIT) = sqrt(WSSR/ndf)    : 0.0552717
variance of residuals (reduced chisquare) = WSSR/ndf   : 0.00305496
p-value of the Chisq distribution (FIT_P)              : 0.999981

Final set of parameters            Asymptotic Standard Error
=======================            ==========================
a               = 1.35117          +/- 0.00154      (0.1139%)
b               = 0.014303         +/- 0.001268     (8.864%)
c               = 0.00200045       +/- 0.0003172    (15.86%)

correlation matrix of the fit parameters:
                a      b      c      
a               1.000 
b              -0.991  1.000 
c              -0.939  0.897  1.000 


*******************************************************************************
Thu Mar  8 22:42:57 2018


FIT:    data read from "data.txt" u 1:2:3 yerrors
        format = x:z:s
        x range restricted to [0.00000 : 8.00000]
        #datapoints = 7
function used for fitting: f(x)
	f(x) = a + b/x + c*x
fitted parameters initialized with current variable values

iter      chisq       delta/lim  lambda   a             b             c            
   0 8.3924559789e+05   0.00e+00  2.12e+02    1.000000e+00   1.000000e+00   1.000000e+00
   5 1.2219826002e-02  -1.10e-04  2.12e-03    1.351174e+00   1.430297e-02   2.000449e-03

After 5 iterations the fit converged.
final sum of squares of residuals : 0.0122198
rel. change during last iteration : -1.1012e-09

degrees of freedom    (FIT_NDF)                        : 4
rms of residuals      (FIT_STDFIT) = sqrt(WSSR/ndf)    : 0.0552717
variance of residuals (reduced chisquare) = WSSR/ndf   : 0.00305496
p-value of the Chisq distribution (FIT_P)              : 0.999981

Final set of parameters            Asymptotic Standard Error
=======================            ==========================
a               = 1.35117          +/- 0.00154      (0.1139%)
b               = 0.014303         +/- 0.001268     (8.864%)
c               = 0.00200045       +/- 0.0003172    (15.86%)

correlation matrix of the fit parameters:
                a      b      c      
a               1.000 
b              -0.991  1.000 
c              -0.939  0.897  1.000 
