

*******************************************************************************
Fri Mar  9 03:06:57 2018


FIT:    data read from "data.txt" u 1:2:3 yerrors
        format = x:z:s
        x range restricted to [0.00000 : 8.00000]
        #datapoints = 7
function used for fitting: f(x)
	f(x) = a + b/x + c*x
fitted parameters initialized with current variable values

iter      chisq       delta/lim  lambda   a             b             c            
   0 9.1803387106e+07   0.00e+00  2.23e+03    1.000000e+00   1.000000e+00   1.000000e+00
   5 1.3046168625e-01  -4.16e-04  2.23e-02    1.365194e+00   7.623276e-03   1.005825e-03

After 5 iterations the fit converged.
final sum of squares of residuals : 0.130462
rel. change during last iteration : -4.15512e-09

degrees of freedom    (FIT_NDF)                        : 4
rms of residuals      (FIT_STDFIT) = sqrt(WSSR/ndf)    : 0.180597
variance of residuals (reduced chisquare) = WSSR/ndf   : 0.0326154
p-value of the Chisq distribution (FIT_P)              : 0.997963

Final set of parameters            Asymptotic Standard Error
=======================            ==========================
a               = 1.36519          +/- 0.0004254    (0.03116%)
b               = 0.00762328       +/- 0.0003437    (4.508%)
c               = 0.00100583       +/- 9.865e-05    (9.808%)

correlation matrix of the fit parameters:
                a      b      c      
a               1.000 
b              -0.986  1.000 
c              -0.953  0.906  1.000 
