

*******************************************************************************
Fri Mar  9 04:01:51 2018


FIT:    data read from "data.txt" u 1:2:3 yerrors
        format = x:z:s
        x range restricted to [0.00000 : 8.00000]
        #datapoints = 7
function used for fitting: f(x)
	f(x) = a + b/x + c*x
fitted parameters initialized with current variable values

iter      chisq       delta/lim  lambda   a             b             c            
   0 7.0454987499e+05   0.00e+00  1.16e+02    1.000000e+00   1.000000e+00   1.000000e+00
   5 5.8561209487e+00  -2.56e-09  1.16e-03   -3.934998e-01   2.864085e-01   9.496268e-03

After 5 iterations the fit converged.
final sum of squares of residuals : 5.85612
rel. change during last iteration : -2.56317e-14

degrees of freedom    (FIT_NDF)                        : 4
rms of residuals      (FIT_STDFIT) = sqrt(WSSR/ndf)    : 1.20997
variance of residuals (reduced chisquare) = WSSR/ndf   : 1.46403
p-value of the Chisq distribution (FIT_P)              : 0.210154

Final set of parameters            Asymptotic Standard Error
=======================            ==========================
a               = -0.3935          +/- 0.05092      (12.94%)
b               = 0.286408         +/- 0.04209      (14.7%)
c               = 0.00949627       +/- 0.01123      (118.3%)

correlation matrix of the fit parameters:
                a      b      c      
a               1.000 
b              -0.983  1.000 
c              -0.949  0.897  1.000 
