

*******************************************************************************
Fri Mar  9 14:57:48 2018


FIT:    data read from "data.txt" u 1:2:3 yerrors
        format = x:z:s
        #datapoints = 15
function used for fitting: f(x)
	f(x) = a*exp(-c*x)
fitted parameters initialized with current variable values

iter      chisq       delta/lim  lambda   a             c            
   0 5.2365320413e+08   0.00e+00  1.83e+03    1.000000e+00   1.000000e+00
   8 3.5102734861e+03  -2.13e-04  1.83e-02    1.355170e+00   2.121229e-03

After 8 iterations the fit converged.
final sum of squares of residuals : 3510.27
rel. change during last iteration : -2.12501e-09

degrees of freedom    (FIT_NDF)                        : 13
rms of residuals      (FIT_STDFIT) = sqrt(WSSR/ndf)    : 16.4323
variance of residuals (reduced chisquare) = WSSR/ndf   : 270.021
p-value of the Chisq distribution (FIT_P)              : 0

Final set of parameters            Asymptotic Standard Error
=======================            ==========================
a               = 1.35517          +/- 0.001116     (0.08237%)
c               = 0.00212123       +/- 0.0003766    (17.76%)

correlation matrix of the fit parameters:
                a      c      
a               1.000 
c               0.729  1.000 


*******************************************************************************
Fri Mar  9 14:59:03 2018


FIT:    data read from "data.txt" u 1:2:3 yerrors
        format = x:z:s
        #datapoints = 15
function used for fitting: g(x)
	g(x) = d+b/x
fitted parameters initialized with current variable values

iter      chisq       delta/lim  lambda   d             b            
   0 1.4918474045e+08   0.00e+00  5.28e+03    1.000000e+00   1.000000e+00
   4 1.1209414291e+01  -1.70e-01  5.28e-01    1.335171e+00   1.822164e-02

After 4 iterations the fit converged.
final sum of squares of residuals : 11.2094
rel. change during last iteration : -1.70383e-06

degrees of freedom    (FIT_NDF)                        : 13
rms of residuals      (FIT_STDFIT) = sqrt(WSSR/ndf)    : 0.928581
variance of residuals (reduced chisquare) = WSSR/ndf   : 0.862263
p-value of the Chisq distribution (FIT_P)              : 0.593279

Final set of parameters            Asymptotic Standard Error
=======================            ==========================
d               = 1.33517          +/- 0.0001368    (0.01025%)
b               = 0.0182216        +/- 0.0001536    (0.843%)

correlation matrix of the fit parameters:
                d      b      
d               1.000 
b              -0.949  1.000 


*******************************************************************************
Fri Mar  9 15:01:11 2018


FIT:    data read from "data.txt" u 1:2:3 yerrors
        format = x:z:s
        #datapoints = 15
function used for fitting: y(x)
	y(x) = k+l/x+m*x
fitted parameters initialized with current variable values

iter      chisq       delta/lim  lambda   k             l             m            
   0 2.8292402640e+09   0.00e+00  8.30e+03    1.000000e+00   1.000000e+00   1.000000e+00
   5 1.0687955830e+01  -2.60e-07  8.30e-02    1.335391e+00   1.803790e-02  -4.052617e-05

After 5 iterations the fit converged.
final sum of squares of residuals : 10.688
rel. change during last iteration : -2.60372e-12

degrees of freedom    (FIT_NDF)                        : 12
rms of residuals      (FIT_STDFIT) = sqrt(WSSR/ndf)    : 0.943749
variance of residuals (reduced chisquare) = WSSR/ndf   : 0.890663
p-value of the Chisq distribution (FIT_P)              : 0.555833

Final set of parameters            Asymptotic Standard Error
=======================            ==========================
k               = 1.33539          +/- 0.0003198    (0.02394%)
l               = 0.0180379        +/- 0.0002864    (1.588%)
m               = -4.05262e-05     +/- 5.296e-05    (130.7%)

correlation matrix of the fit parameters:
                k      l      m      
k               1.000 
l              -0.980  1.000 
m              -0.901  0.838  1.000 


*******************************************************************************
Fri Mar  9 15:01:57 2018


FIT:    data read from "data.txt" u 1:2:3 yerrors
        format = x:z:s
        x range restricted to [1.00000 : 10.0000]
        #datapoints = 10
function used for fitting: g(x)
	g(x) = d+b/x
fitted parameters initialized with current variable values

iter      chisq       delta/lim  lambda   d             b            
   0 7.2020425765e+00   0.00e+00  6.43e+03    1.335171e+00   1.822164e-02
   5 7.1280561035e+00  -7.09e-04  6.43e-02    1.335130e+00   1.826452e-02

After 5 iterations the fit converged.
final sum of squares of residuals : 7.12806
rel. change during last iteration : -7.08772e-09

degrees of freedom    (FIT_NDF)                        : 8
rms of residuals      (FIT_STDFIT) = sqrt(WSSR/ndf)    : 0.943932
variance of residuals (reduced chisquare) = WSSR/ndf   : 0.891007
p-value of the Chisq distribution (FIT_P)              : 0.522882

Final set of parameters            Asymptotic Standard Error
=======================            ==========================
d               = 1.33513          +/- 0.0001411    (0.01057%)
b               = 0.0182645        +/- 0.0001582    (0.8662%)

correlation matrix of the fit parameters:
                d      b      
d               1.000 
b              -0.951  1.000 
