

*******************************************************************************
Sat Mar 10 20:56:34 2018


FIT:    data read from "data.txt" u 1:2:3 yerror
        format = x:z:s
        x range restricted to [-0.484349 : 11.8037]
        #datapoints = 5
function used for fitting: f(x)
	f(x) = a +b/x + c*x
fitted parameters initialized with current variable values

iter      chisq       delta/lim  lambda   a             b             c            
   0 1.0705812852e+07   0.00e+00  5.85e+02    1.000000e+00   1.000000e+00   1.000000e+00
   5 1.0290767196e+00  -3.95e-03  5.85e-03    4.715846e-01  -2.015804e-01   1.577155e-01

After 5 iterations the fit converged.
final sum of squares of residuals : 1.02908
rel. change during last iteration : -3.94714e-08

degrees of freedom    (FIT_NDF)                        : 2
rms of residuals      (FIT_STDFIT) = sqrt(WSSR/ndf)    : 0.717313
variance of residuals (reduced chisquare) = WSSR/ndf   : 0.514538
p-value of the Chisq distribution (FIT_P)              : 0.597776

Final set of parameters            Asymptotic Standard Error
=======================            ==========================
a               = 0.471585         +/- 0.02052      (4.351%)
b               = -0.20158         +/- 0.01528      (7.58%)
c               = 0.157716         +/- 0.005448     (3.454%)

correlation matrix of the fit parameters:
                a      b      c      
a               1.000 
b              -0.996  1.000 
c              -0.978  0.958  1.000 


*******************************************************************************
Sun Mar 11 16:24:28 2018


FIT:    data read from "1.txt" u 1:2:3 yerrors
        format = x:z:s
        #datapoints = 31
function used for fitting: f(x)
	f(x) = a+b*exp(-c*x)
fitted parameters initialized with current variable values

iter      chisq       delta/lim  lambda   a             b             c             d            
   0 7.5653369871e+09   0.00e+00  8.13e+03    1.000000e+00   1.000000e+00   1.000000e+00   1.000000e+00
BREAK: Singular matrix in Invert_RtR

*******************************************************************************
Sun Mar 11 16:24:35 2018


FIT:    data read from "1.txt" u 1:2:3 yerrors
        format = x:z:s
        #datapoints = 31
function used for fitting: f(x)
	f(x) = a+b*exp(-c*x)
fitted parameters initialized with current variable values

iter      chisq       delta/lim  lambda   a             b             c            
   0 3.4042505518e+03   0.00e+00  1.77e+03    3.438487e-04   9.288660e-01   4.352713e-01
   1 3.4042505518e+03  -1.40e-09  1.77e+06    3.438487e-04   9.288660e-01   4.352713e-01

After 1 iterations the fit converged.
final sum of squares of residuals : 3404.25
rel. change during last iteration : -1.40261e-14

degrees of freedom    (FIT_NDF)                        : 28
rms of residuals      (FIT_STDFIT) = sqrt(WSSR/ndf)    : 11.0263
variance of residuals (reduced chisquare) = WSSR/ndf   : 121.58
p-value of the Chisq distribution (FIT_P)              : 0

Final set of parameters            Asymptotic Standard Error
=======================            ==========================
a               = 0.000343849      +/- 0.0001552    (45.14%)
b               = 0.928866         +/- 0.001327     (0.1429%)
c               = 0.435271         +/- 0.0009376    (0.2154%)

correlation matrix of the fit parameters:
                a      b      c      
a               1.000 
b               0.224  1.000 
c               0.526  0.791  1.000 


*******************************************************************************
Sun Mar 11 16:26:31 2018


FIT:    data read from "2.txt" u 1:2:3 yerrors
        format = x:z:s
        #datapoints = 31
function used for fitting: f(x)
	f(x) = a+b*exp(-c*x)
fitted parameters initialized with current variable values

iter      chisq       delta/lim  lambda   a             b             c            
   0 2.4367383800e+07   0.00e+00  1.52e+03    3.438487e-04   9.288660e-01   4.352713e-01
   6 6.2386747756e+03  -4.81e-10  1.52e+07    1.669348e-04   7.976533e-01   7.306256e-01

After 6 iterations the fit converged.
final sum of squares of residuals : 6238.67
rel. change during last iteration : -4.81085e-15

degrees of freedom    (FIT_NDF)                        : 28
rms of residuals      (FIT_STDFIT) = sqrt(WSSR/ndf)    : 14.9268
variance of residuals (reduced chisquare) = WSSR/ndf   : 222.81
p-value of the Chisq distribution (FIT_P)              : 0

Final set of parameters            Asymptotic Standard Error
=======================            ==========================
a               = 0.000166935      +/- 0.0001296    (77.61%)
b               = 0.797653         +/- 0.004867     (0.6102%)
c               = 0.730626         +/- 0.004344     (0.5945%)

correlation matrix of the fit parameters:
                a      b      c      
a               1.000 
b               0.206  1.000 
c               0.326  0.882  1.000 


*******************************************************************************
Sun Mar 11 16:27:19 2018


FIT:    data read from "3.txt" u 1:2:3 yerrors
        format = x:z:s
        #datapoints = 31
function used for fitting: f(x)
	f(x) = a+b*exp(-c*x)
fitted parameters initialized with current variable values

iter      chisq       delta/lim  lambda   a             b             c            
   0 5.1738465625e+06   0.00e+00  9.07e+02    1.669348e-04   7.976533e-01   7.306256e-01
   5 5.4979321978e+03  -4.84e-01  9.07e-03    1.825781e-04   6.660647e-01   9.827335e-01

After 5 iterations the fit converged.
final sum of squares of residuals : 5497.93
rel. change during last iteration : -4.83532e-06

degrees of freedom    (FIT_NDF)                        : 28
rms of residuals      (FIT_STDFIT) = sqrt(WSSR/ndf)    : 14.0127
variance of residuals (reduced chisquare) = WSSR/ndf   : 196.355
p-value of the Chisq distribution (FIT_P)              : 0

Final set of parameters            Asymptotic Standard Error
=======================            ==========================
a               = 0.000182578      +/- 0.0001092    (59.79%)
b               = 0.666065         +/- 0.007056     (1.059%)
c               = 0.982734         +/- 0.008181     (0.8325%)

correlation matrix of the fit parameters:
                a      b      c      
a               1.000 
b               0.226  1.000 
c               0.321  0.907  1.000 


*******************************************************************************
Sun Mar 11 16:27:50 2018


FIT:    data read from "4.txt" u 1:2:3 yerrors
        format = x:z:s
        #datapoints = 31
function used for fitting: f(x)
	f(x) = a+b*exp(-c*x)
fitted parameters initialized with current variable values

iter      chisq       delta/lim  lambda   a             b             c            
   0 1.8629054571e+06   0.00e+00  6.16e+02    1.825781e-04   6.660647e-01   9.827335e-01
   5 2.7914195416e+03  -1.30e-02  6.16e+01    1.088372e-04   5.627982e-01   1.241250e+00

After 5 iterations the fit converged.
final sum of squares of residuals : 2791.42
rel. change during last iteration : -1.30229e-07

degrees of freedom    (FIT_NDF)                        : 28
rms of residuals      (FIT_STDFIT) = sqrt(WSSR/ndf)    : 9.98467
variance of residuals (reduced chisquare) = WSSR/ndf   : 99.6936
p-value of the Chisq distribution (FIT_P)              : 0

Final set of parameters            Asymptotic Standard Error
=======================            ==========================
a               = 0.000108837      +/- 7.054e-05    (64.82%)
b               = 0.562798         +/- 0.007671     (1.363%)
c               = 1.24125          +/- 0.01146      (0.9236%)

correlation matrix of the fit parameters:
                a      b      c      
a               1.000 
b               0.179  1.000 
c               0.241  0.939  1.000 


*******************************************************************************
Sun Mar 11 16:28:14 2018


FIT:    data read from "5.txt" u 1:2:3 yerrors
        format = x:z:s
        #datapoints = 31
function used for fitting: f(x)
	f(x) = a+b*exp(-c*x)
fitted parameters initialized with current variable values

iter      chisq       delta/lim  lambda   a             b             c            
   0 9.5589673889e+05   0.00e+00  5.00e+02    1.088372e-04   5.627982e-01   1.241250e+00
   5 1.6527294903e+03  -2.75e-11  5.00e+05    7.351032e-05   4.804654e-01   1.510255e+00

After 5 iterations the fit converged.
final sum of squares of residuals : 1652.73
rel. change during last iteration : -2.75149e-16

degrees of freedom    (FIT_NDF)                        : 28
rms of residuals      (FIT_STDFIT) = sqrt(WSSR/ndf)    : 7.68284
variance of residuals (reduced chisquare) = WSSR/ndf   : 59.0261
p-value of the Chisq distribution (FIT_P)              : 0

Final set of parameters            Asymptotic Standard Error
=======================            ==========================
a               = 7.35103e-05      +/- 5.281e-05    (71.84%)
b               = 0.480465         +/- 0.007812     (1.626%)
c               = 1.51025          +/- 0.01419      (0.9395%)

correlation matrix of the fit parameters:
                a      b      c      
a               1.000 
b               0.194  1.000 
c               0.251  0.954  1.000 


*******************************************************************************
Sun Mar 11 16:28:38 2018


FIT:    data read from "6.txt" u 1:2:3 yerrors
        format = x:z:s
        #datapoints = 31
function used for fitting: f(x)
	f(x) = a+b*exp(-c*x)
fitted parameters initialized with current variable values

iter      chisq       delta/lim  lambda   a             b             c            
   0 4.2346835390e+05   0.00e+00  3.72e+02    7.351032e-05   4.804654e-01   1.510255e+00
   5 5.3576662991e+02  -1.49e-10  3.72e+06    4.378098e-05   4.141020e-01   1.787939e+00

After 5 iterations the fit converged.
final sum of squares of residuals : 535.767
rel. change during last iteration : -1.48536e-15

degrees of freedom    (FIT_NDF)                        : 28
rms of residuals      (FIT_STDFIT) = sqrt(WSSR/ndf)    : 4.3743
variance of residuals (reduced chisquare) = WSSR/ndf   : 19.1345
p-value of the Chisq distribution (FIT_P)              : 0

Final set of parameters            Asymptotic Standard Error
=======================            ==========================
a               = 4.3781e-05       +/- 2.941e-05    (67.17%)
b               = 0.414102         +/- 0.006839     (1.652%)
c               = 1.78794          +/- 0.01517      (0.8483%)

correlation matrix of the fit parameters:
                a      b      c      
a               1.000 
b               0.195  1.000 
c               0.237  0.971  1.000 


*******************************************************************************
Sun Mar 11 16:29:02 2018


FIT:    data read from "7.txt" u 1:2:3 yerrors
        format = x:z:s
        #datapoints = 31
function used for fitting: f(x)
	f(x) = a+b*exp(-c*x)
fitted parameters initialized with current variable values

iter      chisq       delta/lim  lambda   a             b             c            
   0 2.1694822605e+05   0.00e+00  2.95e+02    4.378098e-05   4.141020e-01   1.787939e+00
   5 1.6660427865e+02  -3.03e-02  2.95e-03    1.411967e-05   3.537540e-01   2.056824e+00

After 5 iterations the fit converged.
final sum of squares of residuals : 166.604
rel. change during last iteration : -3.02509e-07

degrees of freedom    (FIT_NDF)                        : 28
rms of residuals      (FIT_STDFIT) = sqrt(WSSR/ndf)    : 2.43929
variance of residuals (reduced chisquare) = WSSR/ndf   : 5.95015
p-value of the Chisq distribution (FIT_P)              : 0

Final set of parameters            Asymptotic Standard Error
=======================            ==========================
a               = 1.41197e-05      +/- 1.637e-05    (116%)
b               = 0.353754         +/- 0.005785     (1.635%)
c               = 2.05682          +/- 0.01565      (0.7607%)

correlation matrix of the fit parameters:
                a      b      c      
a               1.000 
b               0.206  1.000 
c               0.237  0.983  1.000 


*******************************************************************************
Sun Mar 11 16:29:27 2018


FIT:    data read from "8.txt" u 1:2:3 yerrors
        format = x:z:s
        #datapoints = 31
function used for fitting: f(x)
	f(x) = a+b*exp(-c*x)
fitted parameters initialized with current variable values

iter      chisq       delta/lim  lambda   a             b             c            
   0 1.1053440600e+05   0.00e+00  2.32e+02    1.411967e-05   3.537540e-01   2.056824e+00
   5 5.1922485418e+01  -3.75e-02  2.32e-03    1.022464e-05   3.046212e-01   2.334720e+00

After 5 iterations the fit converged.
final sum of squares of residuals : 51.9225
rel. change during last iteration : -3.75205e-07

degrees of freedom    (FIT_NDF)                        : 28
rms of residuals      (FIT_STDFIT) = sqrt(WSSR/ndf)    : 1.36175
variance of residuals (reduced chisquare) = WSSR/ndf   : 1.85437
p-value of the Chisq distribution (FIT_P)              : 0.00391563

Final set of parameters            Asymptotic Standard Error
=======================            ==========================
a               = 1.02246e-05      +/- 9.031e-06    (88.32%)
b               = 0.304621         +/- 0.004732     (1.553%)
c               = 2.33472          +/- 0.01511      (0.6473%)

correlation matrix of the fit parameters:
                a      b      c      
a               1.000 
b               0.205  1.000 
c               0.231  0.989  1.000 


*******************************************************************************
Sun Mar 11 16:29:51 2018


FIT:    data read from "9.txt" u 1:2:3 yerrors
        format = x:z:s
        #datapoints = 31
function used for fitting: f(x)
	f(x) = a+b*exp(-c*x)
fitted parameters initialized with current variable values

iter      chisq       delta/lim  lambda   a             b             c            
   0 5.7897929251e+04   0.00e+00  1.84e+02    1.022464e-05   3.046212e-01   2.334720e+00
   5 4.2014414651e+01  -1.24e-04  1.84e-03    1.062003e-05   2.558692e-01   2.587884e+00

After 5 iterations the fit converged.
final sum of squares of residuals : 42.0144
rel. change during last iteration : -1.2401e-09

degrees of freedom    (FIT_NDF)                        : 28
rms of residuals      (FIT_STDFIT) = sqrt(WSSR/ndf)    : 1.22496
variance of residuals (reduced chisquare) = WSSR/ndf   : 1.50051
p-value of the Chisq distribution (FIT_P)              : 0.0432235

Final set of parameters            Asymptotic Standard Error
=======================            ==========================
a               = 1.062e-05        +/- 8.289e-06    (78.05%)
b               = 0.255869         +/- 0.007884     (3.081%)
c               = 2.58788          +/- 0.03058      (1.182%)

correlation matrix of the fit parameters:
                a      b      c      
a               1.000 
b               0.203  1.000 
c               0.218  0.996  1.000 


*******************************************************************************
Sun Mar 11 16:30:13 2018


FIT:    data read from "10.txt" u 1:2:3 yerrors
        format = x:z:s
        #datapoints = 31
function used for fitting: f(x)
	f(x) = a+b*exp(-c*x)
fitted parameters initialized with current variable values

iter      chisq       delta/lim  lambda   a             b             c            
   0 2.4574024191e+04   0.00e+00  1.30e+02    1.062003e-05   2.558692e-01   2.587884e+00
   5 1.7253585473e+01  -1.45e-02  1.30e-03    6.752880e-06   2.346783e-01   2.929577e+00

After 5 iterations the fit converged.
final sum of squares of residuals : 17.2536
rel. change during last iteration : -1.45479e-07

degrees of freedom    (FIT_NDF)                        : 28
rms of residuals      (FIT_STDFIT) = sqrt(WSSR/ndf)    : 0.784984
variance of residuals (reduced chisquare) = WSSR/ndf   : 0.616199
p-value of the Chisq distribution (FIT_P)              : 0.94341

Final set of parameters            Asymptotic Standard Error
=======================            ==========================
a               = 6.75288e-06      +/- 5.247e-06    (77.7%)
b               = 0.234678         +/- 0.009079     (3.869%)
c               = 2.92958          +/- 0.03855      (1.316%)

correlation matrix of the fit parameters:
                a      b      c      
a               1.000 
b               0.209  1.000 
c               0.221  0.997  1.000 


*******************************************************************************
Sun Mar 11 16:30:38 2018


FIT:    data read from "11.txt" u 1:2:3 yerrors
        format = x:z:s
        #datapoints = 31
function used for fitting: f(x)
	f(x) = a+b*exp(-c*x)
fitted parameters initialized with current variable values

iter      chisq       delta/lim  lambda   a             b             c            
   0 1.0455443850e+04   0.00e+00  9.43e+01    6.752880e-06   2.346783e-01   2.929577e+00
   5 5.8442780180e+01  -2.71e-02  9.43e-04    9.700633e-06   2.070315e-01   3.232125e+00

After 5 iterations the fit converged.
final sum of squares of residuals : 58.4428
rel. change during last iteration : -2.70969e-07

degrees of freedom    (FIT_NDF)                        : 28
rms of residuals      (FIT_STDFIT) = sqrt(WSSR/ndf)    : 1.44473
variance of residuals (reduced chisquare) = WSSR/ndf   : 2.08724
p-value of the Chisq distribution (FIT_P)              : 0.000641379

Final set of parameters            Asymptotic Standard Error
=======================            ==========================
a               = 9.70063e-06      +/- 9.161e-06    (94.43%)
b               = 0.207031         +/- 0.03374      (16.29%)
c               = 3.23212          +/- 0.1629       (5.04%)

correlation matrix of the fit parameters:
                a      b      c      
a               1.000 
b               0.183  1.000 
c               0.190  0.999  1.000 


*******************************************************************************
Sun Mar 11 16:31:03 2018


FIT:    data read from "12.txt" u 1:2:3 yerrors
        format = x:z:s
        #datapoints = 31
function used for fitting: f(x)
	f(x) = a+b*exp(-c*x)
fitted parameters initialized with current variable values

iter      chisq       delta/lim  lambda   a             b             c            
   0 4.4730872049e+03   0.00e+00  6.73e+01    9.700633e-06   2.070315e-01   3.232125e+00
   5 1.7009272232e+01  -1.86e-01  6.73e-04   -2.464598e-06   1.587632e-01   3.393121e+00

After 5 iterations the fit converged.
final sum of squares of residuals : 17.0093
rel. change during last iteration : -1.86321e-06

degrees of freedom    (FIT_NDF)                        : 28
rms of residuals      (FIT_STDFIT) = sqrt(WSSR/ndf)    : 0.779406
variance of residuals (reduced chisquare) = WSSR/ndf   : 0.607474
p-value of the Chisq distribution (FIT_P)              : 0.948406

Final set of parameters            Asymptotic Standard Error
=======================            ==========================
a               = -2.4646e-06      +/- 5.126e-06    (208%)
b               = 0.158763         +/- 0.01951      (12.29%)
c               = 3.39312          +/- 0.1228       (3.619%)

correlation matrix of the fit parameters:
                a      b      c      
a               1.000 
b               0.233  1.000 
c               0.242  0.999  1.000 


*******************************************************************************
Sun Mar 11 16:31:46 2018


FIT:    data read from "13.txt" u 1:2:3 yerrors
        format = x:z:s
        #datapoints = 31
function used for fitting: f(x)
	f(x) = a+b*exp(-c*x)
fitted parameters initialized with current variable values

iter      chisq       delta/lim  lambda   a             b             c            
   0 1.6583076982e+03   0.00e+00  4.26e+01   -2.464598e-06   1.587632e-01   3.393121e+00
   7 3.9934855040e+01  -2.24e-02  4.26e-04   -5.201924e-06   1.892310e-01   3.993037e+00

After 7 iterations the fit converged.
final sum of squares of residuals : 39.9349
rel. change during last iteration : -2.2393e-07

degrees of freedom    (FIT_NDF)                        : 28
rms of residuals      (FIT_STDFIT) = sqrt(WSSR/ndf)    : 1.19425
variance of residuals (reduced chisquare) = WSSR/ndf   : 1.42624
p-value of the Chisq distribution (FIT_P)              : 0.0670159

Final set of parameters            Asymptotic Standard Error
=======================            ==========================
a               = -5.20192e-06     +/- 7.72e-06     (148.4%)
b               = 0.189231         +/- 0.1049       (55.42%)
c               = 3.99304          +/- 0.5551       (13.9%)

correlation matrix of the fit parameters:
                a      b      c      
a               1.000 
b               0.220  1.000 
c               0.224  1.000  1.000 


*******************************************************************************
Sun Mar 11 16:34:16 2018


FIT:    data read from "data.txt" u 1:2:3 yerrors
        format = x:z:s
        x range restricted to [0.00000 : 13.0000]
        #datapoints = 12
function used for fitting: g(x)
	g(x) = d+e/x+h*x
fitted parameters initialized with current variable values

iter      chisq       delta/lim  lambda   d             e             h            
   0 8.8883238098e+06   0.00e+00  3.70e+02    1.001000e+00   1.000000e+00   1.000000e+00
   4 1.5530052930e+01  -6.98e-01  3.70e-02    2.162594e-01  -4.500544e-02   2.641264e-01

After 4 iterations the fit converged.
final sum of squares of residuals : 15.5301
rel. change during last iteration : -6.97524e-06

degrees of freedom    (FIT_NDF)                        : 9
rms of residuals      (FIT_STDFIT) = sqrt(WSSR/ndf)    : 1.31361
variance of residuals (reduced chisquare) = WSSR/ndf   : 1.72556
p-value of the Chisq distribution (FIT_P)              : 0.0773679

Final set of parameters            Asymptotic Standard Error
=======================            ==========================
d               = 0.216259         +/- 0.01668      (7.713%)
e               = -0.0450054       +/- 0.01421      (31.58%)
h               = 0.264126         +/- 0.00294      (1.113%)

correlation matrix of the fit parameters:
                d      e      h      
d               1.000 
e              -0.992  1.000 
h              -0.914  0.871  1.000 
