

*******************************************************************************
Fri Mar  9 02:54:33 2018


FIT:    data read from "data.txt" u 1:2:3 yerrors
        format = x:z:s
        x range restricted to [0.00000 : 8.00000]
        #datapoints = 7
function used for fitting: f(x)
	f(x) = a + b/x + c*x
fitted parameters initialized with current variable values

iter      chisq       delta/lim  lambda   a             b             c            
   0 9.2621551432e+08   0.00e+00  7.09e+03    1.000000e+00   1.000000e+00   1.000000e+00
   5 3.6921476432e+00  -6.94e-05  7.09e-02    1.373954e+00   4.870713e-03   1.617359e-03

After 5 iterations the fit converged.
final sum of squares of residuals : 3.69215
rel. change during last iteration : -6.93702e-10

degrees of freedom    (FIT_NDF)                        : 4
rms of residuals      (FIT_STDFIT) = sqrt(WSSR/ndf)    : 0.960748
variance of residuals (reduced chisquare) = WSSR/ndf   : 0.923037
p-value of the Chisq distribution (FIT_P)              : 0.449269

Final set of parameters            Asymptotic Standard Error
=======================            ==========================
a               = 1.37395          +/- 0.0006397    (0.04656%)
b               = 0.00487071       +/- 0.0005509    (11.31%)
c               = 0.00161736       +/- 0.000131     (8.101%)

correlation matrix of the fit parameters:
                a      b      c      
a               1.000 
b              -0.978  1.000 
c              -0.952  0.895  1.000 
