

*******************************************************************************
Fri Mar  9 01:13:59 2018


FIT:    data read from "data.txt" u 1:2:3 yerrors
        format = x:z:s
        x range restricted to [0.00000 : 8.00000]
        #datapoints = 7
function used for fitting: f(x)
	f(x) = a + b/x + c*x
fitted parameters initialized with current variable values

iter      chisq       delta/lim  lambda   a             b             c            
   0 3.4953142507e+07   0.00e+00  1.36e+03    1.000000e+00   1.000000e+00   1.000000e+00
   5 8.2036570125e-01  -2.71e-05  1.36e-02    1.326802e+00   2.274343e-02   5.370637e-03

After 5 iterations the fit converged.
final sum of squares of residuals : 0.820366
rel. change during last iteration : -2.71323e-10

degrees of freedom    (FIT_NDF)                        : 4
rms of residuals      (FIT_STDFIT) = sqrt(WSSR/ndf)    : 0.45287
variance of residuals (reduced chisquare) = WSSR/ndf   : 0.205091
p-value of the Chisq distribution (FIT_P)              : 0.935697

Final set of parameters            Asymptotic Standard Error
=======================            ==========================
a               = 1.3268           +/- 0.001779     (0.1341%)
b               = 0.0227434        +/- 0.001428     (6.277%)
c               = 0.00537064       +/- 0.0004212    (7.843%)

correlation matrix of the fit parameters:
                a      b      c      
a               1.000 
b              -0.986  1.000 
c              -0.957  0.912  1.000 
